Linux 6.8.0-84-generic (fil-Vostro-3671) 	01/11/2025 	_x86_64_	(6 CPU)

16:49:25      UID       PID    %usr %system  %guest   %wait    %CPU   CPU  Command
16:49:26     1000    828501   41,00    8,00    0,00    0,00   49,00     3  my_program

16:49:25      UID       PID  minflt/s  majflt/s     VSZ     RSS   %MEM  Command
16:49:26     1000    828501    741,00      0,00   11796    7040   0,09  my_program

16:49:26      UID       PID    %usr %system  %guest   %wait    %CPU   CPU  Command
16:49:27     1000    828501   47,00    9,00    0,00    0,00   56,00     2  my_program

16:49:26      UID       PID  minflt/s  majflt/s     VSZ     RSS   %MEM  Command
16:49:27     1000    828501    119,00      0,00   10212    5760   0,07  my_program

16:49:27      UID       PID    %usr %system  %guest   %wait    %CPU   CPU  Command
16:49:28     1000    828501   49,00    9,00    0,00    0,00   58,00     3  my_program

16:49:27      UID       PID  minflt/s  majflt/s     VSZ     RSS   %MEM  Command
16:49:28     1000    828501    170,00      0,00   11004    6400   0,08  my_program

16:49:28      UID       PID    %usr %system  %guest   %wait    %CPU   CPU  Command
16:49:29     1000    828501   42,00    9,00    0,00    0,00   51,00     2  my_program

16:49:28      UID       PID  minflt/s  majflt/s     VSZ     RSS   %MEM  Command
16:49:29     1000    828501     69,00      0,00   11360    6656   0,08  my_program

16:49:29      UID       PID    %usr %system  %guest   %wait    %CPU   CPU  Command
16:49:30     1000    828501   49,00   11,00    0,00    0,00   60,00     3  my_program

16:49:29      UID       PID  minflt/s  majflt/s     VSZ     RSS   %MEM  Command
16:49:30     1000    828501      0,00      0,00   11360    6656   0,08  my_program

16:49:30      UID       PID    %usr %system  %guest   %wait    %CPU   CPU  Command
16:49:31     1000    828501   49,00   10,00    0,00    0,00   59,00     3  my_program

16:49:30      UID       PID  minflt/s  majflt/s     VSZ     RSS   %MEM  Command
16:49:31     1000    828501      0,00      0,00   11360    6656   0,08  my_program

16:49:31      UID       PID    %usr %system  %guest   %wait    %CPU   CPU  Command
16:49:32     1000    828501   49,00    6,00    0,00    1,00   55,00     2  my_program

16:49:31      UID       PID  minflt/s  majflt/s     VSZ     RSS   %MEM  Command
16:49:32     1000    828501      0,00      0,00   11360    6656   0,08  my_program

16:49:32      UID       PID    %usr %system  %guest   %wait    %CPU   CPU  Command
16:49:33     1000    828501   51,00    8,00    0,00    0,00   59,00     5  my_program

16:49:32      UID       PID  minflt/s  majflt/s     VSZ     RSS   %MEM  Command
16:49:33     1000    828501      0,00      0,00   11360    6656   0,08  my_program

16:49:33      UID       PID    %usr %system  %guest   %wait    %CPU   CPU  Command
16:49:34     1000    828501   46,00   10,00    0,00    0,00   56,00     5  my_program

16:49:33      UID       PID  minflt/s  majflt/s     VSZ     RSS   %MEM  Command
16:49:34     1000    828501      0,00      0,00   11360    6656   0,08  my_program

16:49:34      UID       PID    %usr %system  %guest   %wait    %CPU   CPU  Command
16:49:35     1000    828501   54,46    9,90    0,00    0,00   64,36     1  my_program

16:49:34      UID       PID  minflt/s  majflt/s     VSZ     RSS   %MEM  Command
16:49:35     1000    828501      0,00      0,00   11360    6656   0,08  my_program

16:49:35      UID       PID    %usr %system  %guest   %wait    %CPU   CPU  Command
16:49:36     1000    828501   50,00   10,00    0,00    0,00   60,00     1  my_program

16:49:35      UID       PID  minflt/s  majflt/s     VSZ     RSS   %MEM  Command
16:49:36     1000    828501      0,00      0,00   11360    6656   0,08  my_program

16:49:36      UID       PID    %usr %system  %guest   %wait    %CPU   CPU  Command
16:49:37     1000    828501   44,00   10,00    0,00    0,00   54,00     1  my_program

16:49:36      UID       PID  minflt/s  majflt/s     VSZ     RSS   %MEM  Command
16:49:37     1000    828501     38,00      0,00   11360    6784   0,09  my_program

16:49:37      UID       PID    %usr %system  %guest   %wait    %CPU   CPU  Command
16:49:38     1000    828501   54,00   11,00    0,00    0,00   65,00     2  my_program

16:49:37      UID       PID  minflt/s  majflt/s     VSZ     RSS   %MEM  Command
16:49:38     1000    828501      1,00      0,00   11360    6784   0,09  my_program

16:49:38      UID       PID    %usr %system  %guest   %wait    %CPU   CPU  Command
16:49:39     1000    828501   55,00    8,00    0,00    0,00   63,00     3  my_program

16:49:38      UID       PID  minflt/s  majflt/s     VSZ     RSS   %MEM  Command
16:49:39     1000    828501     11,00      0,00   11492    6784   0,09  my_program

16:49:39      UID       PID    %usr %system  %guest   %wait    %CPU   CPU  Command
16:49:40     1000    828501   48,00   10,00    0,00    0,00   58,00     0  my_program

16:49:39      UID       PID  minflt/s  majflt/s     VSZ     RSS   %MEM  Command
16:49:40     1000    828501      0,00      0,00   11492    6784   0,09  my_program

16:49:40      UID       PID    %usr %system  %guest   %wait    %CPU   CPU  Command
16:49:41     1000    828501   52,00    9,00    0,00    0,00   61,00     4  my_program

16:49:40      UID       PID  minflt/s  majflt/s     VSZ     RSS   %MEM  Command
16:49:41     1000    828501      0,00      0,00   11492    6784   0,09  my_program
